<?xml version="1.0" encoding="UTF-8"?>
<!-- Generated by org.testng.reporters.JUnitReportReporter -->
<testsuite skipped="0" hostname="MBP-Dmitriy.local" name="core.PrimeNumberCheckerTest" tests="10" failures="0" timestamp="2020-04-21T12:05:02 PDT" time="0.112" errors="0">
  <testcase name="test" time="0.002" classname="core.PrimeNumberCheckerTest"/>
  <system-out/>
  <testcase name="test" time="0.005" classname="core.PrimeNumberCheckerTest"/>
  <system-out/>
  <testcase name="test" time="0.002" classname="core.PrimeNumberCheckerTest"/>
  <system-out/>
  <testcase name="test" time="0.003" classname="core.PrimeNumberCheckerTest"/>
  <system-out/>
  <testcase name="test" time="0.005" classname="core.PrimeNumberCheckerTest"/>
  <system-out/>
  <testcase name="test" time="0.083" classname="core.PrimeNumberCheckerTest"/>
  <system-out/>
  <testcase name="test" time="0.003" classname="core.PrimeNumberCheckerTest"/>
  <system-out/>
  <testcase name="test" time="0.002" classname="core.PrimeNumberCheckerTest"/>
  <system-out/>
  <testcase name="test" time="0.004" classname="core.PrimeNumberCheckerTest"/>
  <system-out/>
  <testcase name="test" time="0.003" classname="core.PrimeNumberCheckerTest"/>
  <system-out/>
</testsuite> <!-- core.PrimeNumberCheckerTest -->
